OpenROAD 41a51eaf4ca2171c92ff38afb91eb37bbd3f36da 
This program is licensed under the BSD-3 license. See the LICENSE file for details.
Components of this program may be licensed under more restrictive licenses which must be honored.
[INFO]: Reading ODB at '/openlane/designs/fifo/runs/RUN_2026.07.12_13.34.06/tmp/floorplan/7-tapcell.odb'…
define_corners Typical
read_liberty -corner Typical /openlane/pdks/sky130A/libs.ref/sky130_fd_sc_hd/lib/sky130_fd_sc_hd__tt_025C_1v80.lib
Using 1e-12 for capacitance...
Using 1e+03 for resistance...
Using 1e-09 for time...
Using 1e+00 for voltage...
Using 1e-03 for current...
Using 1e-09 for power...
Using 1e-06 for distance...
Reading design constraints file at '/openlane/designs/fifo/runs/RUN_2026.07.12_13.34.06/tmp/floorplan/5-initial_fp.sdc'…
adding -skip_trim to pdngen
[INFO PDN-0001] Inserting grid: stdcell_grid
[WARNING PSM-0016] Voltage pad location (VSRC) file not specified, defaulting pad location to checkerboard pattern on core area.
[WARNING PSM-0017] X direction bump pitch is not specified, defaulting to 140um.
[WARNING PSM-0018] Y direction bump pitch is not specified, defaulting to 140um.
[WARNING PSM-0019] Voltage on net VPWR is not explicitly set.
[WARNING PSM-0022] Using voltage 1.800V for VDD network.
[WARNING PSM-0065] VSRC location not specified, using default checkerboard pattern with one VDD every size bumps in x-direction and one in two bumps in the y-direction
[INFO PSM-0076] Setting metal node density to be standard cell height times 5.
[WARNING PSM-0030] VSRC location at (81.420um, 85.680um) and size 10.000um, is not located on an existing power stripe node. Moving to closest node at (100.380um, 104.380um).
[INFO PSM-0031] Number of PDN nodes on net VPWR = 1224.
[INFO PSM-0064] Number of voltage sources = 1.
[INFO PSM-0040] All PDN stripes on net VPWR are connected.
[WARNING PSM-0016] Voltage pad location (VSRC) file not specified, defaulting pad location to checkerboard pattern on core area.
[WARNING PSM-0017] X direction bump pitch is not specified, defaulting to 140um.
[WARNING PSM-0018] Y direction bump pitch is not specified, defaulting to 140um.
[WARNING PSM-0019] Voltage on net VGND is not explicitly set.
[WARNING PSM-0021] Using voltage 0.000V for ground network.
[WARNING PSM-0065] VSRC location not specified, using default checkerboard pattern with one VDD every size bumps in x-direction and one in two bumps in the y-direction
[INFO PSM-0076] Setting metal node density to be standard cell height times 5.
[WARNING PSM-0030] VSRC location at (81.420um, 85.680um) and size 10.000um, is not located on an existing power stripe node. Moving to closest node at (65.735um, 70.280um).
[INFO PSM-0031] Number of PDN nodes on net VGND = 1224.
[INFO PSM-0064] Number of voltage sources = 1.
[INFO PSM-0040] All PDN stripes on net VGND are connected.
Setting global connections for newly added cells…
Writing OpenROAD database to '/openlane/designs/fifo/runs/RUN_2026.07.12_13.34.06/results/floorplan/fifo.odb'…
Writing layout to '/openlane/designs/fifo/runs/RUN_2026.07.12_13.34.06/results/floorplan/fifo.def'…
Writing SDF to '/openlane/designs/fifo/runs/RUN_2026.07.12_13.34.06/results/signoff/fifo.sdf'…
Writing timing model to '/openlane/designs/fifo/runs/RUN_2026.07.12_13.34.06/results/signoff/fifo.lib'…
