Netgen 1.5.255 compiled on Wed Jul 12 10:06:14 UTC 2023
Warning: netgen command 'format' use fully-qualified name '::netgen::format'
Warning: netgen command 'global' use fully-qualified name '::netgen::global'
Generating JSON file result
Reading netlist file /openlane/designs/fifo/runs/RUN_2026.07.12_13.34.06/results/signoff/fifo.spice
Reading netlist file /openlane/designs/fifo/runs/RUN_2026.07.12_13.34.06/tmp/signoff/28-fifo.pnl.v
Warning:  A case-insensitive file has been read and so the	verilog file must be treated case-insensitive to match.
Creating placeholder cell definition for module sky130_ef_sc_hd__decap_12.
Creating placeholder cell definition for module sky130_fd_sc_hd__decap_3.
Creating placeholder cell definition for module sky130_fd_sc_hd__fill_2.
Creating placeholder cell definition for module sky130_fd_sc_hd__decap_6.
Creating placeholder cell definition for module sky130_fd_sc_hd__fill_1.
Creating placeholder cell definition for module sky130_fd_sc_hd__decap_8.
Creating placeholder cell definition for module sky130_fd_sc_hd__decap_4.
Creating placeholder cell definition for module sky130_fd_sc_hd__tapvpwrvgnd_1.
Creating placeholder cell definition for module sky130_fd_sc_hd__xor2_2.
Creating placeholder cell definition for module sky130_fd_sc_hd__buf_8.
Creating placeholder cell definition for module sky130_fd_sc_hd__or4_4.
Creating placeholder cell definition for module sky130_fd_sc_hd__buf_6.
Creating placeholder cell definition for module sky130_fd_sc_hd__xor2_4.
Creating placeholder cell definition for module sky130_fd_sc_hd__nor2_2.
Creating placeholder cell definition for module sky130_fd_sc_hd__xnor2_4.
Creating placeholder cell definition for module sky130_fd_sc_hd__o21a_4.
Creating placeholder cell definition for module sky130_fd_sc_hd__buf_4.
Creating placeholder cell definition for module sky130_fd_sc_hd__mux4_1.
Creating placeholder cell definition for module sky130_fd_sc_hd__mux2_1.
Creating placeholder cell definition for module sky130_fd_sc_hd__o21ai_4.
Creating placeholder cell definition for module sky130_fd_sc_hd__and2b_2.
Creating placeholder cell definition for module sky130_fd_sc_hd__a211o_2.
Creating placeholder cell definition for module sky130_fd_sc_hd__inv_2.
Creating placeholder cell definition for module sky130_fd_sc_hd__o211a_2.
Creating placeholder cell definition for module sky130_fd_sc_hd__mux2_2.
Creating placeholder cell definition for module sky130_fd_sc_hd__mux4_2.
Creating placeholder cell definition for module sky130_fd_sc_hd__and2_2.
Creating placeholder cell definition for module sky130_fd_sc_hd__and4_2.
Creating placeholder cell definition for module sky130_fd_sc_hd__buf_1.
Creating placeholder cell definition for module sky130_fd_sc_hd__and4b_2.
Creating placeholder cell definition for module sky130_fd_sc_hd__buf_2.
Creating placeholder cell definition for module sky130_fd_sc_hd__o211ai_4.
Creating placeholder cell definition for module sky130_fd_sc_hd__or2b_2.
Creating placeholder cell definition for module sky130_fd_sc_hd__or4_2.
Creating placeholder cell definition for module sky130_fd_sc_hd__or2_2.
Creating placeholder cell definition for module sky130_fd_sc_hd__or4b_2.
Creating placeholder cell definition for module sky130_fd_sc_hd__o21a_2.
Creating placeholder cell definition for module sky130_fd_sc_hd__o2111a_4.
Creating placeholder cell definition for module sky130_fd_sc_hd__a21oi_2.
Creating placeholder cell definition for module sky130_fd_sc_hd__a31o_2.
Creating placeholder cell definition for module sky130_fd_sc_hd__o21ai_2.
Creating placeholder cell definition for module sky130_fd_sc_hd__a211oi_2.
Creating placeholder cell definition for module sky130_fd_sc_hd__nor3_2.
Creating placeholder cell definition for module sky130_fd_sc_hd__dfxtp_2.
Creating placeholder cell definition for module sky130_fd_sc_hd__dfxtp_4.
Creating placeholder cell definition for module sky130_fd_sc_hd__clkbuf_16.
Creating placeholder cell definition for module sky130_fd_sc_hd__clkbuf_8.

Reading setup file /openlane/pdks/sky130A/libs.tech/netgen/sky130A_setup.tcl

Comparison output logged to file /openlane/designs/fifo/runs/RUN_2026.07.12_13.34.06/logs/signoff/31-fifo.lef.lvs.log
Logging to file "/openlane/designs/fifo/runs/RUN_2026.07.12_13.34.06/logs/signoff/31-fifo.lef.lvs.log" enabled

Contents of circuit 1:  Circuit: 'sky130_fd_sc_hd__tapvpwrvgnd_1'
Circuit sky130_fd_sc_hd__tapvpwrvgnd_1 contains 0 device instances.
Circuit contains 0 nets, and 2 disconnected pins.
Contents of circuit 2:  Circuit: 'sky130_fd_sc_hd__tapvpwrvgnd_1'
Circuit sky130_fd_sc_hd__tapvpwrvgnd_1 contains 0 device instances.
Circuit contains 0 nets.

Circuit sky130_fd_sc_hd__tapvpwrvgnd_1 contains no devices.

Contents of circuit 1:  Circuit: 'sky130_fd_sc_hd__fill_2'
Circuit sky130_fd_sc_hd__fill_2 contains 0 device instances.
Circuit contains 0 nets, and 4 disconnected pins.
Contents of circuit 2:  Circuit: 'sky130_fd_sc_hd__fill_2'
Circuit sky130_fd_sc_hd__fill_2 contains 0 device instances.
Circuit contains 0 nets.

Circuit sky130_fd_sc_hd__fill_2 contains no devices.

Contents of circuit 1:  Circuit: 'sky130_ef_sc_hd__decap_12'
Circuit sky130_ef_sc_hd__decap_12 contains 0 device instances.
Circuit contains 0 nets, and 4 disconnected pins.
Contents of circuit 2:  Circuit: 'sky130_ef_sc_hd__decap_12'
Circuit sky130_ef_sc_hd__decap_12 contains 0 device instances.
Circuit contains 0 nets.

Circuit sky130_ef_sc_hd__decap_12 contains no devices.

Contents of circuit 1:  Circuit: 'sky130_fd_sc_hd__decap_8'
Circuit sky130_fd_sc_hd__decap_8 contains 0 device instances.
Circuit contains 0 nets, and 4 disconnected pins.
Contents of circuit 2:  Circuit: 'sky130_fd_sc_hd__decap_8'
Circuit sky130_fd_sc_hd__decap_8 contains 0 device instances.
Circuit contains 0 nets.

Circuit sky130_fd_sc_hd__decap_8 contains no devices.

Contents of circuit 1:  Circuit: 'sky130_fd_sc_hd__fill_1'
Circuit sky130_fd_sc_hd__fill_1 contains 0 device instances.
Circuit contains 0 nets, and 4 disconnected pins.
Contents of circuit 2:  Circuit: 'sky130_fd_sc_hd__fill_1'
Circuit sky130_fd_sc_hd__fill_1 contains 0 device instances.
Circuit contains 0 nets.

Circuit sky130_fd_sc_hd__fill_1 contains no devices.

Contents of circuit 1:  Circuit: 'sky130_fd_sc_hd__dfxtp_2'
Circuit sky130_fd_sc_hd__dfxtp_2 contains 0 device instances.
Circuit contains 0 nets, and 7 disconnected pins.
Contents of circuit 2:  Circuit: 'sky130_fd_sc_hd__dfxtp_2'
Circuit sky130_fd_sc_hd__dfxtp_2 contains 0 device instances.
Circuit contains 0 nets.

Circuit sky130_fd_sc_hd__dfxtp_2 contains no devices.

Contents of circuit 1:  Circuit: 'sky130_fd_sc_hd__decap_3'
Circuit sky130_fd_sc_hd__decap_3 contains 0 device instances.
Circuit contains 0 nets, and 4 disconnected pins.
Contents of circuit 2:  Circuit: 'sky130_fd_sc_hd__decap_3'
Circuit sky130_fd_sc_hd__decap_3 contains 0 device instances.
Circuit contains 0 nets.

Circuit sky130_fd_sc_hd__decap_3 contains no devices.

Contents of circuit 1:  Circuit: 'sky130_fd_sc_hd__mux2_1'
Circuit sky130_fd_sc_hd__mux2_1 contains 0 device instances.
Circuit contains 0 nets, and 8 disconnected pins.
Contents of circuit 2:  Circuit: 'sky130_fd_sc_hd__mux2_1'
Circuit sky130_fd_sc_hd__mux2_1 contains 0 device instances.
Circuit contains 0 nets.

Circuit sky130_fd_sc_hd__mux2_1 contains no devices.

Contents of circuit 1:  Circuit: 'sky130_fd_sc_hd__decap_4'
Circuit sky130_fd_sc_hd__decap_4 contains 0 device instances.
Circuit contains 0 nets, and 4 disconnected pins.
Contents of circuit 2:  Circuit: 'sky130_fd_sc_hd__decap_4'
Circuit sky130_fd_sc_hd__decap_4 contains 0 device instances.
Circuit contains 0 nets.

Circuit sky130_fd_sc_hd__decap_4 contains no devices.

Contents of circuit 1:  Circuit: 'sky130_fd_sc_hd__clkbuf_8'
Circuit sky130_fd_sc_hd__clkbuf_8 contains 0 device instances.
Circuit contains 0 nets, and 6 disconnected pins.
Contents of circuit 2:  Circuit: 'sky130_fd_sc_hd__clkbuf_8'
Circuit sky130_fd_sc_hd__clkbuf_8 contains 0 device instances.
Circuit contains 0 nets.

Circuit sky130_fd_sc_hd__clkbuf_8 contains no devices.

Contents of circuit 1:  Circuit: 'sky130_fd_sc_hd__nor2_2'
Circuit sky130_fd_sc_hd__nor2_2 contains 0 device instances.
Circuit contains 0 nets, and 7 disconnected pins.
Contents of circuit 2:  Circuit: 'sky130_fd_sc_hd__nor2_2'
Circuit sky130_fd_sc_hd__nor2_2 contains 0 device instances.
Circuit contains 0 nets.

Circuit sky130_fd_sc_hd__nor2_2 contains no devices.

Contents of circuit 1:  Circuit: 'sky130_fd_sc_hd__buf_1'
Circuit sky130_fd_sc_hd__buf_1 contains 0 device instances.
Circuit contains 0 nets, and 6 disconnected pins.
Contents of circuit 2:  Circuit: 'sky130_fd_sc_hd__buf_1'
Circuit sky130_fd_sc_hd__buf_1 contains 0 device instances.
Circuit contains 0 nets.

Circuit sky130_fd_sc_hd__buf_1 contains no devices.

Contents of circuit 1:  Circuit: 'sky130_fd_sc_hd__decap_6'
Circuit sky130_fd_sc_hd__decap_6 contains 0 device instances.
Circuit contains 0 nets, and 4 disconnected pins.
Contents of circuit 2:  Circuit: 'sky130_fd_sc_hd__decap_6'
Circuit sky130_fd_sc_hd__decap_6 contains 0 device instances.
Circuit contains 0 nets.

Circuit sky130_fd_sc_hd__decap_6 contains no devices.

Contents of circuit 1:  Circuit: 'sky130_fd_sc_hd__mux4_1'
Circuit sky130_fd_sc_hd__mux4_1 contains 0 device instances.
Circuit contains 0 nets, and 11 disconnected pins.
Contents of circuit 2:  Circuit: 'sky130_fd_sc_hd__mux4_1'
Circuit sky130_fd_sc_hd__mux4_1 contains 0 device instances.
Circuit contains 0 nets.

Circuit sky130_fd_sc_hd__mux4_1 contains no devices.

Contents of circuit 1:  Circuit: 'sky130_fd_sc_hd__buf_8'
Circuit sky130_fd_sc_hd__buf_8 contains 0 device instances.
Circuit contains 0 nets, and 6 disconnected pins.
Contents of circuit 2:  Circuit: 'sky130_fd_sc_hd__buf_8'
Circuit sky130_fd_sc_hd__buf_8 contains 0 device instances.
Circuit contains 0 nets.

Circuit sky130_fd_sc_hd__buf_8 contains no devices.

Contents of circuit 1:  Circuit: 'sky130_fd_sc_hd__buf_4'
Circuit sky130_fd_sc_hd__buf_4 contains 0 device instances.
Circuit contains 0 nets, and 6 disconnected pins.
Contents of circuit 2:  Circuit: 'sky130_fd_sc_hd__buf_4'
Circuit sky130_fd_sc_hd__buf_4 contains 0 device instances.
Circuit contains 0 nets.

Circuit sky130_fd_sc_hd__buf_4 contains no devices.

Contents of circuit 1:  Circuit: 'sky130_fd_sc_hd__o211a_2'
Circuit sky130_fd_sc_hd__o211a_2 contains 0 device instances.
Circuit contains 0 nets, and 9 disconnected pins.
Contents of circuit 2:  Circuit: 'sky130_fd_sc_hd__o211a_2'
Circuit sky130_fd_sc_hd__o211a_2 contains 0 device instances.
Circuit contains 0 nets.

Circuit sky130_fd_sc_hd__o211a_2 contains no devices.

Contents of circuit 1:  Circuit: 'sky130_fd_sc_hd__dfxtp_4'
Circuit sky130_fd_sc_hd__dfxtp_4 contains 0 device instances.
Circuit contains 0 nets, and 7 disconnected pins.
Contents of circuit 2:  Circuit: 'sky130_fd_sc_hd__dfxtp_4'
Circuit sky130_fd_sc_hd__dfxtp_4 contains 0 device instances.
Circuit contains 0 nets.

Circuit sky130_fd_sc_hd__dfxtp_4 contains no devices.

Contents of circuit 1:  Circuit: 'sky130_fd_sc_hd__xor2_2'
Circuit sky130_fd_sc_hd__xor2_2 contains 0 device instances.
Circuit contains 0 nets, and 7 disconnected pins.
Contents of circuit 2:  Circuit: 'sky130_fd_sc_hd__xor2_2'
Circuit sky130_fd_sc_hd__xor2_2 contains 0 device instances.
Circuit contains 0 nets.

Circuit sky130_fd_sc_hd__xor2_2 contains no devices.

Contents of circuit 1:  Circuit: 'sky130_fd_sc_hd__o21a_2'
Circuit sky130_fd_sc_hd__o21a_2 contains 0 device instances.
Circuit contains 0 nets, and 8 disconnected pins.
Contents of circuit 2:  Circuit: 'sky130_fd_sc_hd__o21a_2'
Circuit sky130_fd_sc_hd__o21a_2 contains 0 device instances.
Circuit contains 0 nets.

Circuit sky130_fd_sc_hd__o21a_2 contains no devices.

Contents of circuit 1:  Circuit: 'sky130_fd_sc_hd__buf_6'
Circuit sky130_fd_sc_hd__buf_6 contains 0 device instances.
Circuit contains 0 nets, and 6 disconnected pins.
Contents of circuit 2:  Circuit: 'sky130_fd_sc_hd__buf_6'
Circuit sky130_fd_sc_hd__buf_6 contains 0 device instances.
Circuit contains 0 nets.

Circuit sky130_fd_sc_hd__buf_6 contains no devices.

Contents of circuit 1:  Circuit: 'sky130_fd_sc_hd__o211ai_4'
Circuit sky130_fd_sc_hd__o211ai_4 contains 0 device instances.
Circuit contains 0 nets, and 9 disconnected pins.
Contents of circuit 2:  Circuit: 'sky130_fd_sc_hd__o211ai_4'
Circuit sky130_fd_sc_hd__o211ai_4 contains 0 device instances.
Circuit contains 0 nets.

Circuit sky130_fd_sc_hd__o211ai_4 contains no devices.

Contents of circuit 1:  Circuit: 'sky130_fd_sc_hd__or4_2'
Circuit sky130_fd_sc_hd__or4_2 contains 0 device instances.
Circuit contains 0 nets, and 9 disconnected pins.
Contents of circuit 2:  Circuit: 'sky130_fd_sc_hd__or4_2'
Circuit sky130_fd_sc_hd__or4_2 contains 0 device instances.
Circuit contains 0 nets.

Circuit sky130_fd_sc_hd__or4_2 contains no devices.

Contents of circuit 1:  Circuit: 'sky130_fd_sc_hd__buf_2'
Circuit sky130_fd_sc_hd__buf_2 contains 0 device instances.
Circuit contains 0 nets, and 6 disconnected pins.
Contents of circuit 2:  Circuit: 'sky130_fd_sc_hd__buf_2'
Circuit sky130_fd_sc_hd__buf_2 contains 0 device instances.
Circuit contains 0 nets.

Circuit sky130_fd_sc_hd__buf_2 contains no devices.

Contents of circuit 1:  Circuit: 'sky130_fd_sc_hd__a211o_2'
Circuit sky130_fd_sc_hd__a211o_2 contains 0 device instances.
Circuit contains 0 nets, and 9 disconnected pins.
Contents of circuit 2:  Circuit: 'sky130_fd_sc_hd__a211o_2'
Circuit sky130_fd_sc_hd__a211o_2 contains 0 device instances.
Circuit contains 0 nets.

Circuit sky130_fd_sc_hd__a211o_2 contains no devices.

Contents of circuit 1:  Circuit: 'sky130_fd_sc_hd__inv_2'
Circuit sky130_fd_sc_hd__inv_2 contains 0 device instances.
Circuit contains 0 nets, and 6 disconnected pins.
Contents of circuit 2:  Circuit: 'sky130_fd_sc_hd__inv_2'
Circuit sky130_fd_sc_hd__inv_2 contains 0 device instances.
Circuit contains 0 nets.

Circuit sky130_fd_sc_hd__inv_2 contains no devices.

Contents of circuit 1:  Circuit: 'sky130_fd_sc_hd__or4b_2'
Circuit sky130_fd_sc_hd__or4b_2 contains 0 device instances.
Circuit contains 0 nets, and 9 disconnected pins.
Contents of circuit 2:  Circuit: 'sky130_fd_sc_hd__or4b_2'
Circuit sky130_fd_sc_hd__or4b_2 contains 0 device instances.
Circuit contains 0 nets.

Circuit sky130_fd_sc_hd__or4b_2 contains no devices.

Contents of circuit 1:  Circuit: 'sky130_fd_sc_hd__and4_2'
Circuit sky130_fd_sc_hd__and4_2 contains 0 device instances.
Circuit contains 0 nets, and 9 disconnected pins.
Contents of circuit 2:  Circuit: 'sky130_fd_sc_hd__and4_2'
Circuit sky130_fd_sc_hd__and4_2 contains 0 device instances.
Circuit contains 0 nets.

Circuit sky130_fd_sc_hd__and4_2 contains no devices.

Contents of circuit 1:  Circuit: 'sky130_fd_sc_hd__clkbuf_16'
Circuit sky130_fd_sc_hd__clkbuf_16 contains 0 device instances.
Circuit contains 0 nets, and 6 disconnected pins.
Contents of circuit 2:  Circuit: 'sky130_fd_sc_hd__clkbuf_16'
Circuit sky130_fd_sc_hd__clkbuf_16 contains 0 device instances.
Circuit contains 0 nets.

Circuit sky130_fd_sc_hd__clkbuf_16 contains no devices.

Contents of circuit 1:  Circuit: 'sky130_fd_sc_hd__a211oi_2'
Circuit sky130_fd_sc_hd__a211oi_2 contains 0 device instances.
Circuit contains 0 nets, and 9 disconnected pins.
Contents of circuit 2:  Circuit: 'sky130_fd_sc_hd__a211oi_2'
Circuit sky130_fd_sc_hd__a211oi_2 contains 0 device instances.
Circuit contains 0 nets.

Circuit sky130_fd_sc_hd__a211oi_2 contains no devices.

Contents of circuit 1:  Circuit: 'sky130_fd_sc_hd__a21oi_2'
Circuit sky130_fd_sc_hd__a21oi_2 contains 0 device instances.
Circuit contains 0 nets, and 8 disconnected pins.
Contents of circuit 2:  Circuit: 'sky130_fd_sc_hd__a21oi_2'
Circuit sky130_fd_sc_hd__a21oi_2 contains 0 device instances.
Circuit contains 0 nets.

Circuit sky130_fd_sc_hd__a21oi_2 contains no devices.

Contents of circuit 1:  Circuit: 'sky130_fd_sc_hd__mux4_2'
Circuit sky130_fd_sc_hd__mux4_2 contains 0 device instances.
Circuit contains 0 nets, and 11 disconnected pins.
Contents of circuit 2:  Circuit: 'sky130_fd_sc_hd__mux4_2'
Circuit sky130_fd_sc_hd__mux4_2 contains 0 device instances.
Circuit contains 0 nets.

Circuit sky130_fd_sc_hd__mux4_2 contains no devices.

Contents of circuit 1:  Circuit: 'sky130_fd_sc_hd__and2_2'
Circuit sky130_fd_sc_hd__and2_2 contains 0 device instances.
Circuit contains 0 nets, and 7 disconnected pins.
Contents of circuit 2:  Circuit: 'sky130_fd_sc_hd__and2_2'
Circuit sky130_fd_sc_hd__and2_2 contains 0 device instances.
Circuit contains 0 nets.

Circuit sky130_fd_sc_hd__and2_2 contains no devices.

Contents of circuit 1:  Circuit: 'sky130_fd_sc_hd__o21ai_2'
Circuit sky130_fd_sc_hd__o21ai_2 contains 0 device instances.
Circuit contains 0 nets, and 8 disconnected pins.
Contents of circuit 2:  Circuit: 'sky130_fd_sc_hd__o21ai_2'
Circuit sky130_fd_sc_hd__o21ai_2 contains 0 device instances.
Circuit contains 0 nets.

Circuit sky130_fd_sc_hd__o21ai_2 contains no devices.

Contents of circuit 1:  Circuit: 'sky130_fd_sc_hd__and2b_2'
Circuit sky130_fd_sc_hd__and2b_2 contains 0 device instances.
Circuit contains 0 nets, and 7 disconnected pins.
Contents of circuit 2:  Circuit: 'sky130_fd_sc_hd__and2b_2'
Circuit sky130_fd_sc_hd__and2b_2 contains 0 device instances.
Circuit contains 0 nets.

Circuit sky130_fd_sc_hd__and2b_2 contains no devices.

Contents of circuit 1:  Circuit: 'sky130_fd_sc_hd__a31o_2'
Circuit sky130_fd_sc_hd__a31o_2 contains 0 device instances.
Circuit contains 0 nets, and 9 disconnected pins.
Contents of circuit 2:  Circuit: 'sky130_fd_sc_hd__a31o_2'
Circuit sky130_fd_sc_hd__a31o_2 contains 0 device instances.
Circuit contains 0 nets.

Circuit sky130_fd_sc_hd__a31o_2 contains no devices.

Contents of circuit 1:  Circuit: 'sky130_fd_sc_hd__mux2_2'
Circuit sky130_fd_sc_hd__mux2_2 contains 0 device instances.
Circuit contains 0 nets, and 8 disconnected pins.
Contents of circuit 2:  Circuit: 'sky130_fd_sc_hd__mux2_2'
Circuit sky130_fd_sc_hd__mux2_2 contains 0 device instances.
Circuit contains 0 nets.

Circuit sky130_fd_sc_hd__mux2_2 contains no devices.

Contents of circuit 1:  Circuit: 'sky130_fd_sc_hd__o21a_4'
Circuit sky130_fd_sc_hd__o21a_4 contains 0 device instances.
Circuit contains 0 nets, and 8 disconnected pins.
Contents of circuit 2:  Circuit: 'sky130_fd_sc_hd__o21a_4'
Circuit sky130_fd_sc_hd__o21a_4 contains 0 device instances.
Circuit contains 0 nets.

Circuit sky130_fd_sc_hd__o21a_4 contains no devices.

Contents of circuit 1:  Circuit: 'sky130_fd_sc_hd__xnor2_4'
Circuit sky130_fd_sc_hd__xnor2_4 contains 0 device instances.
Circuit contains 0 nets, and 7 disconnected pins.
Contents of circuit 2:  Circuit: 'sky130_fd_sc_hd__xnor2_4'
Circuit sky130_fd_sc_hd__xnor2_4 contains 0 device instances.
Circuit contains 0 nets.

Circuit sky130_fd_sc_hd__xnor2_4 contains no devices.

Contents of circuit 1:  Circuit: 'sky130_fd_sc_hd__or2b_2'
Circuit sky130_fd_sc_hd__or2b_2 contains 0 device instances.
Circuit contains 0 nets, and 7 disconnected pins.
Contents of circuit 2:  Circuit: 'sky130_fd_sc_hd__or2b_2'
Circuit sky130_fd_sc_hd__or2b_2 contains 0 device instances.
Circuit contains 0 nets.

Circuit sky130_fd_sc_hd__or2b_2 contains no devices.

Contents of circuit 1:  Circuit: 'sky130_fd_sc_hd__and4b_2'
Circuit sky130_fd_sc_hd__and4b_2 contains 0 device instances.
Circuit contains 0 nets, and 9 disconnected pins.
Contents of circuit 2:  Circuit: 'sky130_fd_sc_hd__and4b_2'
Circuit sky130_fd_sc_hd__and4b_2 contains 0 device instances.
Circuit contains 0 nets.

Circuit sky130_fd_sc_hd__and4b_2 contains no devices.

Contents of circuit 1:  Circuit: 'sky130_fd_sc_hd__o2111a_4'
Circuit sky130_fd_sc_hd__o2111a_4 contains 0 device instances.
Circuit contains 0 nets, and 10 disconnected pins.
Contents of circuit 2:  Circuit: 'sky130_fd_sc_hd__o2111a_4'
Circuit sky130_fd_sc_hd__o2111a_4 contains 0 device instances.
Circuit contains 0 nets.

Circuit sky130_fd_sc_hd__o2111a_4 contains no devices.

Contents of circuit 1:  Circuit: 'sky130_fd_sc_hd__o21ai_4'
Circuit sky130_fd_sc_hd__o21ai_4 contains 0 device instances.
Circuit contains 0 nets, and 8 disconnected pins.
Contents of circuit 2:  Circuit: 'sky130_fd_sc_hd__o21ai_4'
Circuit sky130_fd_sc_hd__o21ai_4 contains 0 device instances.
Circuit contains 0 nets.

Circuit sky130_fd_sc_hd__o21ai_4 contains no devices.

Contents of circuit 1:  Circuit: 'sky130_fd_sc_hd__xor2_4'
Circuit sky130_fd_sc_hd__xor2_4 contains 0 device instances.
Circuit contains 0 nets, and 7 disconnected pins.
Contents of circuit 2:  Circuit: 'sky130_fd_sc_hd__xor2_4'
Circuit sky130_fd_sc_hd__xor2_4 contains 0 device instances.
Circuit contains 0 nets.

Circuit sky130_fd_sc_hd__xor2_4 contains no devices.

Contents of circuit 1:  Circuit: 'sky130_fd_sc_hd__nor3_2'
Circuit sky130_fd_sc_hd__nor3_2 contains 0 device instances.
Circuit contains 0 nets, and 8 disconnected pins.
Contents of circuit 2:  Circuit: 'sky130_fd_sc_hd__nor3_2'
Circuit sky130_fd_sc_hd__nor3_2 contains 0 device instances.
Circuit contains 0 nets.

Circuit sky130_fd_sc_hd__nor3_2 contains no devices.

Contents of circuit 1:  Circuit: 'sky130_fd_sc_hd__or4_4'
Circuit sky130_fd_sc_hd__or4_4 contains 0 device instances.
Circuit contains 0 nets, and 9 disconnected pins.
Contents of circuit 2:  Circuit: 'sky130_fd_sc_hd__or4_4'
Circuit sky130_fd_sc_hd__or4_4 contains 0 device instances.
Circuit contains 0 nets.

Circuit sky130_fd_sc_hd__or4_4 contains no devices.

Contents of circuit 1:  Circuit: 'sky130_fd_sc_hd__or2_2'
Circuit sky130_fd_sc_hd__or2_2 contains 0 device instances.
Circuit contains 0 nets, and 7 disconnected pins.
Contents of circuit 2:  Circuit: 'sky130_fd_sc_hd__or2_2'
Circuit sky130_fd_sc_hd__or2_2 contains 0 device instances.
Circuit contains 0 nets.

Circuit sky130_fd_sc_hd__or2_2 contains no devices.

Contents of circuit 1:  Circuit: 'fifo'
Circuit fifo contains 2861 device instances.
  Class: sky130_fd_sc_hd__a31o_2 instances:   2
  Class: sky130_fd_sc_hd__clkbuf_16 instances:   1
  Class: sky130_fd_sc_hd__dfxtp_2 instances: 140
  Class: sky130_fd_sc_hd__dfxtp_4 instances:   6
  Class: sky130_fd_sc_hd__or4_2 instances:   6
  Class: sky130_fd_sc_hd__or4_4 instances:   1
  Class: sky130_fd_sc_hd__buf_1 instances: 128
  Class: sky130_fd_sc_hd__buf_2 instances:   1
  Class: sky130_fd_sc_hd__buf_4 instances:  32
  Class: sky130_fd_sc_hd__buf_6 instances:  22
  Class: sky130_fd_sc_hd__buf_8 instances:   6
  Class: sky130_fd_sc_hd__xor2_2 instances:   4
  Class: sky130_fd_sc_hd__xor2_4 instances:   1
  Class: sky130_fd_sc_hd__mux4_1 instances:  30
  Class: sky130_fd_sc_hd__mux4_2 instances:   2
  Class: sky130_ef_sc_hd__decap_12 instances: 594
  Class: sky130_fd_sc_hd__and4_2 instances:   5
  Class: sky130_fd_sc_hd__inv_2 instances:   5
  Class: sky130_fd_sc_hd__clkbuf_8 instances:  16
  Class: sky130_fd_sc_hd__and2b_2 instances:   8
  Class: sky130_fd_sc_hd__decap_3 instances: 229
  Class: sky130_fd_sc_hd__decap_4 instances: 144
  Class: sky130_fd_sc_hd__decap_6 instances: 137
  Class: sky130_fd_sc_hd__decap_8 instances: 192
  Class: sky130_fd_sc_hd__or2_2 instances:   1
  Class: sky130_fd_sc_hd__mux2_1 instances: 143
  Class: sky130_fd_sc_hd__mux2_2 instances:   1
  Class: sky130_fd_sc_hd__and2_2 instances:   2
  Class: sky130_fd_sc_hd__a211oi_2 instances:   1
  Class: sky130_fd_sc_hd__or4b_2 instances:   3
  Class: sky130_fd_sc_hd__xnor2_4 instances:   1
  Class: sky130_fd_sc_hd__o211a_2 instances:  11
  Class: sky130_fd_sc_hd__a211o_2 instances:   8
  Class: sky130_fd_sc_hd__o2111a_4 instances:   2
  Class: sky130_fd_sc_hd__nor3_2 instances:   1
  Class: sky130_fd_sc_hd__o21a_2 instances:   6
  Class: sky130_fd_sc_hd__o21a_4 instances:   1
  Class: sky130_fd_sc_hd__and4b_2 instances:   2
  Class: sky130_fd_sc_hd__o21ai_2 instances:   1
  Class: sky130_fd_sc_hd__tapvpwrvgnd_1 instances: 313
  Class: sky130_fd_sc_hd__o21ai_4 instances:   1
  Class: sky130_fd_sc_hd__a21oi_2 instances:   7
  Class: sky130_fd_sc_hd__fill_1 instances: 404
  Class: sky130_fd_sc_hd__fill_2 instances: 230
  Class: sky130_fd_sc_hd__o211ai_4 instances:   1
  Class: sky130_fd_sc_hd__or2b_2 instances:   2
  Class: sky130_fd_sc_hd__nor2_2 instances:   7
Circuit contains 632 nets.
Contents of circuit 2:  Circuit: 'fifo'
Circuit fifo contains 2861 device instances.
  Class: sky130_fd_sc_hd__a31o_2 instances:   2
  Class: sky130_fd_sc_hd__clkbuf_16 instances:   1
  Class: sky130_fd_sc_hd__dfxtp_2 instances: 140
  Class: sky130_fd_sc_hd__dfxtp_4 instances:   6
  Class: sky130_fd_sc_hd__or4_2 instances:   6
  Class: sky130_fd_sc_hd__or4_4 instances:   1
  Class: sky130_fd_sc_hd__buf_1 instances: 128
  Class: sky130_fd_sc_hd__buf_2 instances:   1
  Class: sky130_fd_sc_hd__buf_4 instances:  32
  Class: sky130_fd_sc_hd__buf_6 instances:  22
  Class: sky130_fd_sc_hd__buf_8 instances:   6
  Class: sky130_fd_sc_hd__xor2_2 instances:   4
  Class: sky130_fd_sc_hd__xor2_4 instances:   1
  Class: sky130_fd_sc_hd__mux4_1 instances:  30
  Class: sky130_fd_sc_hd__mux4_2 instances:   2
  Class: sky130_ef_sc_hd__decap_12 instances: 594
  Class: sky130_fd_sc_hd__and4_2 instances:   5
  Class: sky130_fd_sc_hd__inv_2 instances:   5
  Class: sky130_fd_sc_hd__clkbuf_8 instances:  16
  Class: sky130_fd_sc_hd__and2b_2 instances:   8
  Class: sky130_fd_sc_hd__decap_3 instances: 229
  Class: sky130_fd_sc_hd__decap_4 instances: 144
  Class: sky130_fd_sc_hd__decap_6 instances: 137
  Class: sky130_fd_sc_hd__decap_8 instances: 192
  Class: sky130_fd_sc_hd__or2_2 instances:   1
  Class: sky130_fd_sc_hd__mux2_1 instances: 143
  Class: sky130_fd_sc_hd__mux2_2 instances:   1
  Class: sky130_fd_sc_hd__a211oi_2 instances:   1
  Class: sky130_fd_sc_hd__and2_2 instances:   2
  Class: sky130_fd_sc_hd__or4b_2 instances:   3
  Class: sky130_fd_sc_hd__xnor2_4 instances:   1
  Class: sky130_fd_sc_hd__o211a_2 instances:  11
  Class: sky130_fd_sc_hd__a211o_2 instances:   8
  Class: sky130_fd_sc_hd__o2111a_4 instances:   2
  Class: sky130_fd_sc_hd__nor3_2 instances:   1
  Class: sky130_fd_sc_hd__o21a_2 instances:   6
  Class: sky130_fd_sc_hd__o21a_4 instances:   1
  Class: sky130_fd_sc_hd__and4b_2 instances:   2
  Class: sky130_fd_sc_hd__o21ai_2 instances:   1
  Class: sky130_fd_sc_hd__tapvpwrvgnd_1 instances: 313
  Class: sky130_fd_sc_hd__o21ai_4 instances:   1
  Class: sky130_fd_sc_hd__a21oi_2 instances:   7
  Class: sky130_fd_sc_hd__fill_1 instances: 404
  Class: sky130_fd_sc_hd__fill_2 instances: 230
  Class: sky130_fd_sc_hd__o211ai_4 instances:   1
  Class: sky130_fd_sc_hd__or2b_2 instances:   2
  Class: sky130_fd_sc_hd__nor2_2 instances:   7
Circuit contains 632 nets.

Circuit was modified by parallel/series device merging.
New circuit summary:

Contents of circuit 1:  Circuit: 'fifo'
Circuit fifo contains 626 device instances.
  Class: sky130_fd_sc_hd__a31o_2 instances:   2
  Class: sky130_fd_sc_hd__clkbuf_16 instances:   1
  Class: sky130_fd_sc_hd__dfxtp_2 instances: 140
  Class: sky130_fd_sc_hd__dfxtp_4 instances:   6
  Class: sky130_fd_sc_hd__or4_2 instances:   6
  Class: sky130_fd_sc_hd__or4_4 instances:   1
  Class: sky130_fd_sc_hd__buf_1 instances: 128
  Class: sky130_fd_sc_hd__buf_2 instances:   1
  Class: sky130_fd_sc_hd__buf_4 instances:  32
  Class: sky130_fd_sc_hd__buf_6 instances:  22
  Class: sky130_fd_sc_hd__buf_8 instances:   6
  Class: sky130_fd_sc_hd__xor2_2 instances:   4
  Class: sky130_fd_sc_hd__xor2_4 instances:   1
  Class: sky130_fd_sc_hd__mux4_1 instances:  30
  Class: sky130_fd_sc_hd__mux4_2 instances:   2
  Class: sky130_ef_sc_hd__decap_12 instances:   1
  Class: sky130_fd_sc_hd__and4_2 instances:   5
  Class: sky130_fd_sc_hd__inv_2 instances:   5
  Class: sky130_fd_sc_hd__clkbuf_8 instances:  16
  Class: sky130_fd_sc_hd__and2b_2 instances:   8
  Class: sky130_fd_sc_hd__decap_3 instances:   1
  Class: sky130_fd_sc_hd__decap_4 instances:   1
  Class: sky130_fd_sc_hd__decap_6 instances:   1
  Class: sky130_fd_sc_hd__decap_8 instances:   1
  Class: sky130_fd_sc_hd__or2_2 instances:   1
  Class: sky130_fd_sc_hd__mux2_1 instances: 143
  Class: sky130_fd_sc_hd__mux2_2 instances:   1
  Class: sky130_fd_sc_hd__and2_2 instances:   2
  Class: sky130_fd_sc_hd__a211oi_2 instances:   1
  Class: sky130_fd_sc_hd__or4b_2 instances:   3
  Class: sky130_fd_sc_hd__xnor2_4 instances:   1
  Class: sky130_fd_sc_hd__o211a_2 instances:  11
  Class: sky130_fd_sc_hd__a211o_2 instances:   8
  Class: sky130_fd_sc_hd__o2111a_4 instances:   2
  Class: sky130_fd_sc_hd__nor3_2 instances:   1
  Class: sky130_fd_sc_hd__o21a_2 instances:   6
  Class: sky130_fd_sc_hd__o21a_4 instances:   1
  Class: sky130_fd_sc_hd__and4b_2 instances:   2
  Class: sky130_fd_sc_hd__o21ai_2 instances:   1
  Class: sky130_fd_sc_hd__tapvpwrvgnd_1 instances:   1
  Class: sky130_fd_sc_hd__o21ai_4 instances:   1
  Class: sky130_fd_sc_hd__a21oi_2 instances:   7
  Class: sky130_fd_sc_hd__fill_1 instances:   1
  Class: sky130_fd_sc_hd__fill_2 instances:   1
  Class: sky130_fd_sc_hd__o211ai_4 instances:   1
  Class: sky130_fd_sc_hd__or2b_2 instances:   2
  Class: sky130_fd_sc_hd__nor2_2 instances:   7
Circuit contains 632 nets.
Contents of circuit 2:  Circuit: 'fifo'
Circuit fifo contains 626 device instances.
  Class: sky130_fd_sc_hd__a31o_2 instances:   2
  Class: sky130_fd_sc_hd__clkbuf_16 instances:   1
  Class: sky130_fd_sc_hd__dfxtp_2 instances: 140
  Class: sky130_fd_sc_hd__dfxtp_4 instances:   6
  Class: sky130_fd_sc_hd__or4_2 instances:   6
  Class: sky130_fd_sc_hd__or4_4 instances:   1
  Class: sky130_fd_sc_hd__buf_1 instances: 128
  Class: sky130_fd_sc_hd__buf_2 instances:   1
  Class: sky130_fd_sc_hd__buf_4 instances:  32
  Class: sky130_fd_sc_hd__buf_6 instances:  22
  Class: sky130_fd_sc_hd__buf_8 instances:   6
  Class: sky130_fd_sc_hd__xor2_2 instances:   4
  Class: sky130_fd_sc_hd__xor2_4 instances:   1
  Class: sky130_fd_sc_hd__mux4_1 instances:  30
  Class: sky130_fd_sc_hd__mux4_2 instances:   2
  Class: sky130_ef_sc_hd__decap_12 instances:   1
  Class: sky130_fd_sc_hd__and4_2 instances:   5
  Class: sky130_fd_sc_hd__inv_2 instances:   5
  Class: sky130_fd_sc_hd__clkbuf_8 instances:  16
  Class: sky130_fd_sc_hd__and2b_2 instances:   8
  Class: sky130_fd_sc_hd__decap_3 instances:   1
  Class: sky130_fd_sc_hd__decap_4 instances:   1
  Class: sky130_fd_sc_hd__decap_6 instances:   1
  Class: sky130_fd_sc_hd__decap_8 instances:   1
  Class: sky130_fd_sc_hd__or2_2 instances:   1
  Class: sky130_fd_sc_hd__mux2_1 instances: 143
  Class: sky130_fd_sc_hd__mux2_2 instances:   1
  Class: sky130_fd_sc_hd__a211oi_2 instances:   1
  Class: sky130_fd_sc_hd__and2_2 instances:   2
  Class: sky130_fd_sc_hd__or4b_2 instances:   3
  Class: sky130_fd_sc_hd__xnor2_4 instances:   1
  Class: sky130_fd_sc_hd__o211a_2 instances:  11
  Class: sky130_fd_sc_hd__a211o_2 instances:   8
  Class: sky130_fd_sc_hd__o2111a_4 instances:   2
  Class: sky130_fd_sc_hd__nor3_2 instances:   1
  Class: sky130_fd_sc_hd__o21a_2 instances:   6
  Class: sky130_fd_sc_hd__o21a_4 instances:   1
  Class: sky130_fd_sc_hd__and4b_2 instances:   2
  Class: sky130_fd_sc_hd__o21ai_2 instances:   1
  Class: sky130_fd_sc_hd__tapvpwrvgnd_1 instances:   1
  Class: sky130_fd_sc_hd__o21ai_4 instances:   1
  Class: sky130_fd_sc_hd__a21oi_2 instances:   7
  Class: sky130_fd_sc_hd__fill_1 instances:   1
  Class: sky130_fd_sc_hd__fill_2 instances:   1
  Class: sky130_fd_sc_hd__o211ai_4 instances:   1
  Class: sky130_fd_sc_hd__or2b_2 instances:   2
  Class: sky130_fd_sc_hd__nor2_2 instances:   7
Circuit contains 632 nets.

Circuit 1 contains 626 devices, Circuit 2 contains 626 devices.
Circuit 1 contains 632 nets,    Circuit 2 contains 632 nets.


Final result: 
Circuits match uniquely.
.
Logging to file "/openlane/designs/fifo/runs/RUN_2026.07.12_13.34.06/logs/signoff/31-fifo.lef.lvs.log" disabled
LVS Done.
