OpenROAD 41a51eaf4ca2171c92ff38afb91eb37bbd3f36da 
This program is licensed under the BSD-3 license. See the LICENSE file for details.
Components of this program may be licensed under more restrictive licenses which must be honored.
[INFO]: Reading ODB at '/openlane/designs/fifo/runs/RUN_2026.07.12_13.34.06/results/floorplan/fifo.odb'…
define_corners Typical
read_liberty -corner Typical /openlane/pdks/sky130A/libs.ref/sky130_fd_sc_hd/lib/sky130_fd_sc_hd__tt_025C_1v80.lib
Using 1e-12 for capacitance...
Using 1e+03 for resistance...
Using 1e-09 for time...
Using 1e+00 for voltage...
Using 1e-03 for current...
Using 1e-09 for power...
Using 1e-06 for distance...
Reading design constraints file at '/openlane/designs/fifo/runs/RUN_2026.07.12_13.34.06/tmp/floorplan/5-initial_fp.sdc'…
[INFO]: Setting RC values...
[INFO]: Setting signal min routing layer to: met1 and clock min routing layer to met3. 
[INFO]: Setting signal max routing layer to: met4 and clock max routing layer to met4. 
[INFO GPL-0002] DBU: 1000
[INFO GPL-0003] SiteSize: 460 2720
[INFO GPL-0004] CoreAreaLxLy: 5520 10880
[INFO GPL-0005] CoreAreaUxUy: 157320 160480
[INFO GPL-0006] NumInstances: 1003
[INFO GPL-0007] NumPlaceInstances: 580
[INFO GPL-0008] NumFixedInstances: 423
[INFO GPL-0009] NumDummyInstances: 0
[INFO GPL-0010] NumNets: 592
[INFO GPL-0011] NumPins: 1964
[INFO GPL-0012] DieAreaLxLy: 0 0
[INFO GPL-0013] DieAreaUxUy: 162905 173625
[INFO GPL-0014] CoreAreaLxLy: 5520 10880
[INFO GPL-0015] CoreAreaUxUy: 157320 160480
[INFO GPL-0016] CoreArea: 22709280000
[INFO GPL-0017] NonPlaceInstsArea: 804521600
[INFO GPL-0018] PlaceInstsArea: 8370528000
[INFO GPL-0019] Util(%): 38.21
[INFO GPL-0020] StdInstsArea: 8370528000
[INFO GPL-0021] MacroInstsArea: 0
[InitialPlace]  Iter: 1 CG residual: 0.00000010 HPWL: 8901725
[InitialPlace]  Iter: 2 CG residual: 0.00000009 HPWL: 8604646
[InitialPlace]  Iter: 3 CG residual: 0.00000010 HPWL: 8719801
[InitialPlace]  Iter: 4 CG residual: 0.00000005 HPWL: 8765168
[InitialPlace]  Iter: 5 CG residual: 0.00000008 HPWL: 8755954
[INFO GPL-0031] FillerInit: NumGCells: 683
[INFO GPL-0032] FillerInit: NumGNets: 592
[INFO GPL-0033] FillerInit: NumGPins: 1964
[INFO GPL-0023] TargetDensity: 0.45
[INFO GPL-0024] AveragePlaceInstArea: 14431944
[INFO GPL-0025] IdealBinArea: 32070988
[INFO GPL-0026] IdealBinCnt: 708
[INFO GPL-0027] TotalBinArea: 22709280000
[INFO GPL-0028] BinCnt: 16 16
[INFO GPL-0029] BinSize: 9488 9350
[INFO GPL-0030] NumBins: 256
[NesterovSolve] Iter: 1 overflow: 0.953808 HPWL: 4058005
[NesterovSolve] Iter: 10 overflow: 0.903187 HPWL: 5185490
[NesterovSolve] Iter: 20 overflow: 0.902641 HPWL: 5206835
[NesterovSolve] Iter: 30 overflow: 0.907718 HPWL: 5186099
[NesterovSolve] Iter: 40 overflow: 0.910793 HPWL: 5188319
[NesterovSolve] Iter: 50 overflow: 0.912425 HPWL: 5185763
[NesterovSolve] Iter: 60 overflow: 0.913029 HPWL: 5184246
[NesterovSolve] Iter: 70 overflow: 0.913076 HPWL: 5186369
[NesterovSolve] Iter: 80 overflow: 0.912975 HPWL: 5188979
[NesterovSolve] Iter: 90 overflow: 0.912676 HPWL: 5194889
[NesterovSolve] Iter: 100 overflow: 0.912037 HPWL: 5204698
[NesterovSolve] Iter: 110 overflow: 0.910902 HPWL: 5219924
[NesterovSolve] Iter: 120 overflow: 0.908811 HPWL: 5245161
[NesterovSolve] Iter: 130 overflow: 0.904784 HPWL: 5287810
[NesterovSolve] Iter: 140 overflow: 0.896216 HPWL: 5354867
[NesterovSolve] Iter: 150 overflow: 0.884901 HPWL: 5474991
[NesterovSolve] Iter: 160 overflow: 0.877018 HPWL: 5684199
[NesterovSolve] Iter: 170 overflow: 0.868113 HPWL: 5984448
[NesterovSolve] Iter: 180 overflow: 0.852451 HPWL: 6395033
[NesterovSolve] Iter: 190 overflow: 0.818345 HPWL: 6754096
[NesterovSolve] Iter: 200 overflow: 0.789065 HPWL: 7296444
[INFO GPL-0100] worst slack 5.92e-09
[INFO GPL-0103] Weighted 59 nets.
[NesterovSolve] Iter: 210 overflow: 0.762101 HPWL: 7701379
[NesterovSolve] Iter: 220 overflow: 0.711775 HPWL: 8330018
[NesterovSolve] Iter: 230 overflow: 0.681914 HPWL: 8859223
[INFO GPL-0100] worst slack 5.91e-09
[INFO GPL-0103] Weighted 59 nets.
[NesterovSolve] Iter: 240 overflow: 0.62964 HPWL: 9507050
[NesterovSolve] Snapshot saved at iter = 247
[NesterovSolve] Iter: 250 overflow: 0.582343 HPWL: 10014101
[NesterovSolve] Iter: 260 overflow: 0.526897 HPWL: 10389851
[INFO GPL-0100] worst slack 5.9e-09
[INFO GPL-0103] Weighted 59 nets.
[NesterovSolve] Iter: 270 overflow: 0.471698 HPWL: 10688153
[NesterovSolve] Iter: 280 overflow: 0.417122 HPWL: 10913433
[NesterovSolve] Iter: 290 overflow: 0.360811 HPWL: 10979602
[NesterovSolve] Iter: 300 overflow: 0.312599 HPWL: 10970118
[NesterovSolve] Iter: 310 overflow: 0.288793 HPWL: 11175900
[INFO GPL-0100] worst slack 5.89e-09
[INFO GPL-0103] Weighted 59 nets.
[NesterovSolve] Iter: 320 overflow: 0.250242 HPWL: 11169315
[NesterovSolve] Iter: 330 overflow: 0.222188 HPWL: 11217398
[INFO GPL-0100] worst slack 5.89e-09
[INFO GPL-0103] Weighted 59 nets.
[INFO GPL-0075] Routability numCall: 1 inflationIterCnt: 1 bloatIterCnt: 0
[INFO GPL-0036] TileLxLy: 0 0
[INFO GPL-0037] TileSize: 6900 6900
[INFO GPL-0038] TileCnt: 23 25
[INFO GPL-0039] numRoutingLayers: 6
[INFO GPL-0040] NumTiles: 575
[INFO GPL-0063] TotalRouteOverflowH2: 0.0
[INFO GPL-0064] TotalRouteOverflowV2: 0.0
[INFO GPL-0065] OverflowTileCnt2: 0
[INFO GPL-0066] 0.5%RC: 1.0
[INFO GPL-0067] 1.0%RC: 1.0
[INFO GPL-0068] 2.0%RC: 0.9785714234624591
[INFO GPL-0069] 5.0%RC: 0.9294117583948023
[INFO GPL-0070] 0.5rcK: 1.0
[INFO GPL-0071] 1.0rcK: 1.0
[INFO GPL-0072] 2.0rcK: 0.0
[INFO GPL-0073] 5.0rcK: 0.0
[INFO GPL-0074] FinalRC: 1.0
[NesterovSolve] Iter: 340 overflow: 0.190337 HPWL: 11292878
[NesterovSolve] Iter: 350 overflow: 0.168914 HPWL: 11351916
[INFO GPL-0100] worst slack 5.89e-09
[INFO GPL-0103] Weighted 59 nets.
[NesterovSolve] Iter: 360 overflow: 0.139651 HPWL: 11423280
[NesterovSolve] Iter: 370 overflow: 0.117187 HPWL: 11508129
[NesterovSolve] Finished with Overflow: 0.099229
Setting global connections for newly added cells…
Writing OpenROAD database to '/openlane/designs/fifo/runs/RUN_2026.07.12_13.34.06/tmp/placement/9-global.odb'…
Writing netlist to '/openlane/designs/fifo/runs/RUN_2026.07.12_13.34.06/tmp/placement/9-global.nl.v'…
Writing powered netlist to '/openlane/designs/fifo/runs/RUN_2026.07.12_13.34.06/tmp/placement/9-global.pnl.v'…
Writing layout to '/openlane/designs/fifo/runs/RUN_2026.07.12_13.34.06/tmp/placement/9-global.def'…
Writing SDF to '/openlane/designs/fifo/runs/RUN_2026.07.12_13.34.06/results/signoff/fifo.sdf'…
Writing timing model to '/openlane/designs/fifo/runs/RUN_2026.07.12_13.34.06/results/signoff/fifo.lib'…
